2025-11-18 18:11:36,580 - INFO - Using manually provided Jira list: ['QA-410913']
2025-11-18 18:11:36,580 - INFO - Jira list entered is: ['QA-410913']
2025-11-18 18:11:36,580 - INFO - --- Processing Jira 1/1: QA-410913 ---
2025-11-18 18:11:36,580 - INFO - Attempting to retrieve Jira issue details for: QA-410913
2025-11-18 18:11:37,656 - INFO - Successfully retrieved Jira details for QA-410913. Status Code: 200
2025-11-18 18:11:37,664 - INFO - Assignee found for QA-410913: Gayan Rajapakshage
2025-11-18 18:11:37,669 - INFO - Searching GitLab Merge Requests for Jira ID: QA-410913 at https://gitlab.veevadev.com/api/v4/merge_requests?scope=all&state=merged&in=title&search_type=advanced&search=QA-410913
2025-11-18 18:11:39,179 - INFO - Successfully retrieved 8 merge requests for QA-410913.
2025-11-18 18:11:39,181 - INFO - Project-Branch map finalized for QA-410913: {2939: ['25.3.0', '25.3.1'], 328: ['25.3.0', '25.3.1']}
2025-11-18 18:11:39,183 - INFO - Branch/Project map result for QA-410913: {2939: ['25.3.0', '25.3.1'], 328: ['25.3.0', '25.3.1']}
2025-11-18 18:11:39,183 - INFO - --- Starting access revocation for user 'Gayan Rajapakshage' ---
2025-11-18 18:11:39,185 - INFO - Processing Project ID: 2939
2025-11-18 18:11:39,185 - INFO - Checking protected branch: release%2F25.3.0
2025-11-18 18:11:40,134 - INFO - Successfully retrieved protected branch details for 'release/25.3.0' (Status: 200).
2025-11-18 18:11:40,134 - INFO - User 'Gayan Rajapakshage' does not have specific PUSH or MERGE access levels on protected branch 'release/25.3.0' in project 2939 to revoke.
2025-11-18 18:11:40,134 - INFO - Checking protected branch: release%2F25.3.1
2025-11-18 18:11:40,979 - INFO - Successfully retrieved protected branch details for 'release/25.3.1' (Status: 200).
2025-11-18 18:11:40,979 - INFO - User 'Gayan Rajapakshage' does not have specific PUSH or MERGE access levels on protected branch 'release/25.3.1' in project 2939 to revoke.
2025-11-18 18:11:40,979 - INFO - Processing Project ID: 328
2025-11-18 18:11:40,984 - INFO - Checking protected branch: release%2F25.3.0
2025-11-18 18:11:41,995 - INFO - Successfully retrieved protected branch details for 'release/25.3.0' (Status: 200).
2025-11-18 18:11:41,995 - INFO - User 'Gayan Rajapakshage' does not have specific PUSH or MERGE access levels on protected branch 'release/25.3.0' in project 328 to revoke.
2025-11-18 18:11:41,995 - INFO - Checking protected branch: release%2F25.3.1
2025-11-18 18:11:42,924 - INFO - Successfully retrieved protected branch details for 'release/25.3.1' (Status: 200).
2025-11-18 18:11:42,924 - INFO - User 'Gayan Rajapakshage' does not have specific PUSH or MERGE access levels on protected branch 'release/25.3.1' in project 328 to revoke.
2025-11-18 18:11:42,924 - INFO - --- Finished access revocation for user 'Gayan Rajapakshage' ---
2025-11-18 18:11:42,924 - INFO - --- Script Execution Complete ---
