2025-11-17 17:20:02,341 - INFO - Using manually provided Jira list: ['DEV-955652', 'QA-430270']
2025-11-17 17:20:02,341 - INFO - Jira list entered is: ['DEV-955652', 'QA-430270']
2025-11-17 17:20:02,341 - INFO - --- Processing Jira 1/2: DEV-955652 ---
2025-11-17 17:20:02,341 - INFO - Attempting to retrieve Jira issue details for: DEV-955652
2025-11-17 17:20:03,262 - INFO - Successfully retrieved Jira details for DEV-955652. Status Code: 200
2025-11-17 17:20:03,262 - INFO - Assignee found for DEV-955652: Giri Prasad Kemburu
2025-11-17 17:20:03,262 - INFO - Searching GitLab Merge Requests for Jira ID: DEV-955652 at https://gitlab.veevadev.com/api/v4/merge_requests?scope=all&state=merged&in=title&search_type=advanced&search=DEV-955652
2025-11-17 17:20:04,314 - INFO - Successfully retrieved 3 merge requests for DEV-955652.
2025-11-17 17:20:04,314 - INFO - Project-Branch map finalized for DEV-955652: {2939: ['25.2.4', '25.3.0', '25.3.1']}
2025-11-17 17:20:04,314 - INFO - Branch/Project map result for DEV-955652: {2939: ['25.2.4', '25.3.0', '25.3.1']}
2025-11-17 17:20:04,314 - INFO - --- Starting access revocation for user 'Giri Prasad Kemburu' ---
2025-11-17 17:20:04,314 - INFO - Processing Project ID: 2939
2025-11-17 17:20:04,314 - INFO - Checking protected branch: release%2F25.2.4
2025-11-17 17:20:05,365 - INFO - Successfully retrieved protected branch details for 'release/25.2.4' (Status: 200).
2025-11-17 17:20:05,365 - INFO - User 'Giri Prasad Kemburu' does not have specific PUSH or MERGE access levels on protected branch 'release/25.2.4' in project 2939 to revoke.
2025-11-17 17:20:05,367 - INFO - Checking protected branch: release%2F25.3.0
2025-11-17 17:20:06,267 - INFO - Successfully retrieved protected branch details for 'release/25.3.0' (Status: 200).
2025-11-17 17:20:06,267 - INFO - User 'Giri Prasad Kemburu' does not have specific PUSH or MERGE access levels on protected branch 'release/25.3.0' in project 2939 to revoke.
2025-11-17 17:20:06,270 - INFO - Checking protected branch: release%2F25.3.1
2025-11-17 17:20:07,136 - INFO - Successfully retrieved protected branch details for 'release/25.3.1' (Status: 200).
2025-11-17 17:20:07,136 - INFO - User 'Giri Prasad Kemburu' does not have specific PUSH or MERGE access levels on protected branch 'release/25.3.1' in project 2939 to revoke.
2025-11-17 17:20:07,136 - INFO - --- Finished access revocation for user 'Giri Prasad Kemburu' ---
2025-11-17 17:20:07,136 - INFO - --- Processing Jira 2/2: QA-430270 ---
2025-11-17 17:20:07,136 - INFO - Attempting to retrieve Jira issue details for: QA-430270
2025-11-17 17:20:08,332 - INFO - Successfully retrieved Jira details for QA-430270. Status Code: 200
2025-11-17 17:20:08,332 - INFO - Assignee found for QA-430270: Karthik Penugonda
2025-11-17 17:20:08,332 - INFO - Searching GitLab Merge Requests for Jira ID: QA-430270 at https://gitlab.veevadev.com/api/v4/merge_requests?scope=all&state=merged&in=title&search_type=advanced&search=QA-430270
2025-11-17 17:20:09,357 - INFO - Successfully retrieved 3 merge requests for QA-430270.
2025-11-17 17:20:09,359 - INFO - Project-Branch map finalized for QA-430270: {328: ['25.3.2', '25.3.1']}
2025-11-17 17:20:09,359 - INFO - Branch/Project map result for QA-430270: {328: ['25.3.2', '25.3.1']}
2025-11-17 17:20:09,362 - INFO - --- Starting access revocation for user 'Karthik Penugonda' ---
2025-11-17 17:20:09,362 - INFO - Processing Project ID: 328
2025-11-17 17:20:09,364 - INFO - Checking protected branch: release%2F25.3.2
2025-11-17 17:20:10,421 - INFO - Successfully retrieved protected branch details for 'release/25.3.2' (Status: 200).
2025-11-17 17:20:10,421 - INFO - User 'Karthik Penugonda' does not have specific PUSH or MERGE access levels on protected branch 'release/25.3.2' in project 328 to revoke.
2025-11-17 17:20:10,421 - INFO - Checking protected branch: release%2F25.3.1
2025-11-17 17:20:11,330 - INFO - Successfully retrieved protected branch details for 'release/25.3.1' (Status: 200).
2025-11-17 17:20:11,334 - INFO - User 'Karthik Penugonda' does not have specific PUSH or MERGE access levels on protected branch 'release/25.3.1' in project 328 to revoke.
2025-11-17 17:20:11,334 - INFO - --- Finished access revocation for user 'Karthik Penugonda' ---
2025-11-17 17:20:11,334 - INFO - --- Script Execution Complete ---
