2025-11-24 12:07:53,836 - INFO - List of Jiras provided: ['DEV-955652']
2025-11-24 12:07:53,836 - INFO - Jira list : ['DEV-955652']
2025-11-24 12:07:53,837 - INFO - --- Processing Jira 1/1: DEV-955652 ---
2025-11-24 12:07:54,618 - INFO - Successfully retrieved Jira details for DEV-955652.
2025-11-24 12:07:54,618 - INFO - Assignee found for DEV-955652: Giri Prasad Kemburu
2025-11-24 12:07:55,351 - INFO - Jira issue is Closed. Proceeding with branch access revoking
2025-11-24 12:07:56,365 - INFO - Response: 200 With MR executing....
2025-11-24 12:07:56,366 - INFO - Branch/Project map result for DEV-955652: {2939: ['25.2.4', '25.3.0', '25.3.1']}
2025-11-24 12:07:56,447 - INFO - --- Starting access revocation for user 'Giri Prasad Kemburu' ---
2025-11-24 12:07:56,448 - INFO - Processing Project ID: 2939
2025-11-24 12:07:56,448 - INFO - Checking protected branch: release%2F25.2.4
2025-11-24 12:07:57,260 - INFO - Successfully retrieved protected branch details for 'release/25.2.4' (Status: 200).
2025-11-24 12:07:57,261 - INFO - User 'Giri Prasad Kemburu' does not have specific PUSH or MERGE access levels on branch '25.2.4' in project 2939 to revoke.
2025-11-24 12:07:57,261 - INFO - Checking protected branch: release%2F25.3.0
2025-11-24 12:07:58,044 - INFO - Successfully retrieved protected branch details for 'release/25.3.0' (Status: 200).
2025-11-24 12:07:58,044 - INFO - Found PUSH access ID to revoke for Giri Prasad Kemburu in project 2939 on branch 25.3.0: 125509
2025-11-24 12:07:58,045 - INFO - Found MERGE access ID to revoke for Giri Prasad Kemburu in project 2939 on branch 25.3.0: 116884
2025-11-24 12:07:58,894 - INFO - Successfully revoked PUSH, MERGE access for 'Giri Prasad Kemburu' on branch '25.3.0' in project 2939
2025-11-24 12:07:58,894 - INFO - Checking protected branch: release%2F25.3.1
2025-11-24 12:07:59,773 - INFO - Successfully retrieved protected branch details for 'release/25.3.1' (Status: 200).
2025-11-24 12:07:59,773 - INFO - User 'Giri Prasad Kemburu' does not have specific PUSH or MERGE access levels on branch '25.3.1' in project 2939 to revoke.
2025-11-24 12:07:59,773 - INFO - --------------- Finished access revocation for user 'Giri Prasad Kemburu' ----------------
2025-11-24 12:07:59,774 - INFO - Results Summary: Jira : DEV-955652, User: Giri Prasad Kemburu, Project-branch map result: {2939: ['25.2.4', '25.3.0', '25.3.1']},  Revoke Status: Success
