2025-11-17 17:10:33,063 - INFO - Using manually provided Jira list: ['DEV-955652']
2025-11-17 17:10:33,064 - INFO - Jira list entered is: ['DEV-955652']
2025-11-17 17:10:33,064 - INFO - --- Processing Jira 1/1: DEV-955652 ---
2025-11-17 17:10:33,066 - INFO - Attempting to retrieve Jira issue details for: DEV-955652
2025-11-17 17:10:34,014 - INFO - Successfully retrieved Jira details for DEV-955652. Status Code: 200
2025-11-17 17:10:34,014 - INFO - Assignee found for DEV-955652: Giri Prasad Kemburu
2025-11-17 17:10:34,014 - INFO - Searching GitLab Merge Requests for Jira ID: DEV-955652 at https://gitlab.veevadev.com/api/v4/merge_requests?scope=all&state=merged&in=title&search_type=advanced&search=DEV-955652
2025-11-17 17:10:35,252 - INFO - Successfully retrieved 3 merge requests for DEV-955652.
2025-11-17 17:10:35,252 - INFO - Project-Branch map finalized for DEV-955652: {2939: ['25.2.4', '25.3.0', '25.3.1']}
2025-11-17 17:10:35,253 - INFO - Branch/Project map result for DEV-955652: {2939: ['25.2.4', '25.3.0', '25.3.1']}
2025-11-17 17:10:35,255 - INFO - --- Starting access revocation for user 'Giri Prasad Kemburu' ---
2025-11-17 17:10:35,257 - INFO - Processing Project ID: 2939
2025-11-17 17:10:35,257 - INFO - Checking protected branch: release%2F25.2.4
2025-11-17 17:10:36,196 - INFO - Successfully retrieved protected branch details for 'release/25.2.4' (Status: 200).
2025-11-17 17:10:36,196 - INFO - User 'Giri Prasad Kemburu' does not have specific PUSH or MERGE access levels on protected branch 'release/25.2.4' in project 2939 to revoke.
2025-11-17 17:10:36,196 - INFO - Checking protected branch: release%2F25.3.0
2025-11-17 17:10:37,055 - INFO - Successfully retrieved protected branch details for 'release/25.3.0' (Status: 200).
2025-11-17 17:10:37,057 - INFO - User 'Giri Prasad Kemburu' does not have specific PUSH or MERGE access levels on protected branch 'release/25.3.0' in project 2939 to revoke.
2025-11-17 17:10:37,057 - INFO - Checking protected branch: release%2F25.3.1
2025-11-17 17:10:38,010 - INFO - Successfully retrieved protected branch details for 'release/25.3.1' (Status: 200).
2025-11-17 17:10:38,010 - INFO - User 'Giri Prasad Kemburu' does not have specific PUSH or MERGE access levels on protected branch 'release/25.3.1' in project 2939 to revoke.
2025-11-17 17:10:38,010 - INFO - --- Finished access revocation for user 'Giri Prasad Kemburu' ---
2025-11-17 17:10:38,014 - INFO - --- Script Execution Complete ---
