2025-11-17 17:16:02,348 - INFO - Using manually provided Jira list: ['DEV-955652', 'QA-430653']
2025-11-17 17:16:02,348 - INFO - Jira list entered is: ['DEV-955652', 'QA-430653']
2025-11-17 17:16:02,348 - INFO - --- Processing Jira 1/2: DEV-955652 ---
2025-11-17 17:16:02,348 - INFO - Attempting to retrieve Jira issue details for: DEV-955652
2025-11-17 17:16:03,263 - INFO - Successfully retrieved Jira details for DEV-955652. Status Code: 200
2025-11-17 17:16:03,266 - INFO - Assignee found for DEV-955652: Giri Prasad Kemburu
2025-11-17 17:16:03,268 - INFO - Searching GitLab Merge Requests for Jira ID: DEV-955652 at https://gitlab.veevadev.com/api/v4/merge_requests?scope=all&state=merged&in=title&search_type=advanced&search=DEV-955652
2025-11-17 17:16:04,514 - INFO - Successfully retrieved 3 merge requests for DEV-955652.
2025-11-17 17:16:04,514 - INFO - Project-Branch map finalized for DEV-955652: {2939: ['25.2.4', '25.3.0', '25.3.1']}
2025-11-17 17:16:04,514 - INFO - Branch/Project map result for DEV-955652: {2939: ['25.2.4', '25.3.0', '25.3.1']}
2025-11-17 17:16:04,520 - INFO - --- Starting access revocation for user 'Giri Prasad Kemburu' ---
2025-11-17 17:16:04,520 - INFO - Processing Project ID: 2939
2025-11-17 17:16:04,520 - INFO - Checking protected branch: release%2F25.2.4
2025-11-17 17:16:05,355 - INFO - Successfully retrieved protected branch details for 'release/25.2.4' (Status: 200).
2025-11-17 17:16:05,355 - INFO - User 'Giri Prasad Kemburu' does not have specific PUSH or MERGE access levels on protected branch 'release/25.2.4' in project 2939 to revoke.
2025-11-17 17:16:05,355 - INFO - Checking protected branch: release%2F25.3.0
2025-11-17 17:16:06,266 - INFO - Successfully retrieved protected branch details for 'release/25.3.0' (Status: 200).
2025-11-17 17:16:06,266 - INFO - User 'Giri Prasad Kemburu' does not have specific PUSH or MERGE access levels on protected branch 'release/25.3.0' in project 2939 to revoke.
2025-11-17 17:16:06,266 - INFO - Checking protected branch: release%2F25.3.1
2025-11-17 17:16:07,229 - INFO - Successfully retrieved protected branch details for 'release/25.3.1' (Status: 200).
2025-11-17 17:16:07,229 - INFO - User 'Giri Prasad Kemburu' does not have specific PUSH or MERGE access levels on protected branch 'release/25.3.1' in project 2939 to revoke.
2025-11-17 17:16:07,229 - INFO - --- Finished access revocation for user 'Giri Prasad Kemburu' ---
2025-11-17 17:16:07,241 - INFO - --- Processing Jira 2/2: QA-430653 ---
2025-11-17 17:16:07,247 - INFO - Attempting to retrieve Jira issue details for: QA-430653
2025-11-17 17:16:08,300 - INFO - Successfully retrieved Jira details for QA-430653. Status Code: 200
2025-11-17 17:16:08,302 - INFO - Assignee found for QA-430653: Deekshitha Reddy Vellenki
2025-11-17 17:16:08,305 - INFO - Searching GitLab Merge Requests for Jira ID: QA-430653 at https://gitlab.veevadev.com/api/v4/merge_requests?scope=all&state=merged&in=title&search_type=advanced&search=QA-430653
2025-11-17 17:16:09,215 - INFO - Successfully retrieved 0 merge requests for QA-430653.
2025-11-17 17:16:09,215 - WARNING - No release branches found for Jira QA-430653 in any merge request.
2025-11-17 17:16:09,215 - INFO - Branch/Project map result for QA-430653: No release branches found for Jira QA-430653 in any merge request.
2025-11-17 17:16:09,231 - INFO - --- Script Execution Complete ---
